{"level":"info","message":"Connected to MongoDB...","timestamp":"2021-11-13T02:06:48.144Z"}
{"level":"info","message":"Connected to MongoDB...","timestamp":"2021-11-13T02:07:16.746Z"}
{"level":"info","message":"Listening on port 3000...","timestamp":"2021-11-13T22:31:06.679Z"}
{"level":"info","message":"Listening on port 3000...","timestamp":"2021-11-13T22:31:30.842Z"}
{"level":"info","message":"Connected to MongoDB...","timestamp":"2021-11-13T22:31:30.861Z"}
{"level":"info","message":"Listening on port 3000...","timestamp":"2021-11-13T22:31:38.396Z"}
{"level":"info","message":"Connected to MongoDB...","timestamp":"2021-11-13T22:31:38.413Z"}
{"level":"info","message":"Listening on port 3000...","timestamp":"2021-11-13T22:33:57.857Z"}
{"level":"info","message":"Connected to MongoDB...","timestamp":"2021-11-13T22:33:57.874Z"}
{"level":"info","message":"Listening on port 3000...","timestamp":"2021-11-13T22:44:40.332Z"}
{"level":"info","message":"Connected to mongodb://localhost/movielog...","timestamp":"2021-11-13T22:44:40.348Z"}
{"level":"info","message":"Listening on port 3000...","timestamp":"2021-11-13T22:45:14.807Z"}
{"level":"info","message":"Connected to mongodb://localhost/movielog_test...","timestamp":"2021-11-13T22:45:14.824Z"}
{"level":"info","message":"Listening on port 3000...","timestamp":"2021-11-13T22:50:59.809Z"}
{"level":"info","message":"Listening on port 3000...","timestamp":"2021-11-13T22:58:33.983Z"}
{"level":"info","message":"Connected to mongodb://localhost/movielog_test...","timestamp":"2021-11-13T22:58:34.010Z"}
{"level":"info","message":"Listening on port 3000...","timestamp":"2021-11-13T22:59:13.045Z"}
{"level":"info","message":"Connected to mongodb://localhost/movielog_test...","timestamp":"2021-11-13T22:59:13.069Z"}
{"level":"info","message":"Listening on port 3000...","timestamp":"2021-11-13T23:05:36.500Z"}
{"level":"info","message":"Connected to mongodb://localhost/movielog_test...","timestamp":"2021-11-13T23:05:36.521Z"}
{"level":"info","message":"Listening on port 3000...","timestamp":"2021-11-13T23:05:56.400Z"}
{"level":"info","message":"Connected to mongodb://localhost/movielog_test...","timestamp":"2021-11-13T23:05:56.419Z"}
{"level":"info","message":"Listening on port 3000...","timestamp":"2021-11-13T23:06:56.614Z"}
{"level":"info","message":"Connected to mongodb://localhost/movielog_test...","timestamp":"2021-11-13T23:06:56.634Z"}
{"level":"info","message":"Listening on port 3000...","timestamp":"2021-11-13T23:07:22.099Z"}
{"level":"info","message":"Connected to mongodb://localhost/movielog_test...","timestamp":"2021-11-13T23:07:22.118Z"}
{"level":"info","message":"Listening on port 3000...","timestamp":"2021-11-13T23:08:02.968Z"}
{"level":"info","message":"Connected to mongodb://localhost/movielog_test...","timestamp":"2021-11-13T23:08:02.987Z"}
{"level":"info","message":"Listening on port 3000...","timestamp":"2021-11-13T23:08:54.896Z"}
{"level":"info","message":"Connected to mongodb://localhost/movielog_test...","timestamp":"2021-11-13T23:08:54.915Z"}
{"level":"info","message":"Listening on port 3000...","timestamp":"2021-11-13T23:08:58.528Z"}
{"level":"info","message":"Connected to mongodb://localhost/movielog_test...","timestamp":"2021-11-13T23:08:58.546Z"}
{"level":"info","message":"Listening on port 3000...","timestamp":"2021-11-13T23:09:23.108Z"}
{"level":"info","message":"Connected to mongodb://localhost/movielog_test...","timestamp":"2021-11-13T23:09:23.127Z"}
{"level":"info","message":"Listening on port 3000...","timestamp":"2021-11-13T23:10:52.105Z"}
{"level":"info","message":"Connected to mongodb://localhost/movielog_test...","timestamp":"2021-11-13T23:10:52.125Z"}
{"level":"info","message":"Listening on port 3000...","timestamp":"2021-11-13T23:16:07.841Z"}
{"level":"info","message":"Connected to mongodb://localhost/movielog_test...","timestamp":"2021-11-13T23:16:07.859Z"}
{"level":"info","message":"Listening on port 3000...","timestamp":"2021-11-13T23:16:44.280Z"}
{"level":"info","message":"Connected to mongodb://localhost/movielog_test...","timestamp":"2021-11-13T23:16:44.299Z"}
{"level":"info","message":"Listening on port 3000...","timestamp":"2021-11-13T23:18:00.120Z"}
{"level":"info","message":"Connected to mongodb://localhost/movielog_test...","timestamp":"2021-11-13T23:18:00.141Z"}
{"level":"info","message":"Listening on port 3000...","timestamp":"2021-11-13T23:20:47.658Z"}
{"level":"info","message":"Connected to mongodb://localhost/movielog_test...","timestamp":"2021-11-13T23:20:47.677Z"}
{"level":"info","message":"Listening on port 3000...","timestamp":"2021-11-13T23:22:17.788Z"}
{"level":"info","message":"Connected to mongodb://localhost/movielog_test...","timestamp":"2021-11-13T23:22:17.809Z"}
{"level":"info","message":"Listening on port 3000...","timestamp":"2021-11-13T23:22:31.444Z"}
{"level":"info","message":"Connected to mongodb://localhost/movielog_test...","timestamp":"2021-11-13T23:22:31.463Z"}
{"level":"info","message":"Listening on port 3000...","timestamp":"2021-11-13T23:23:08.051Z"}
{"level":"info","message":"Connected to mongodb://localhost/movielog_test...","timestamp":"2021-11-13T23:23:08.072Z"}
{"level":"info","message":"Listening on port 3000...","timestamp":"2021-11-13T23:25:04.776Z"}
{"level":"info","message":"Connected to mongodb://localhost/movielog_test...","timestamp":"2021-11-13T23:25:04.794Z"}
{"level":"info","message":"Listening on port 3000...","timestamp":"2021-11-13T23:26:19.448Z"}
{"level":"info","message":"Connected to mongodb://localhost/movielog_test...","timestamp":"2021-11-13T23:26:19.467Z"}
{"level":"info","message":"Listening on port 3000...","timestamp":"2021-11-13T23:27:02.235Z"}
{"level":"info","message":"Connected to mongodb://localhost/movielog_test...","timestamp":"2021-11-13T23:27:02.255Z"}
{"level":"info","message":"Listening on port 3000...","timestamp":"2021-11-13T23:28:58.401Z"}
{"level":"info","message":"Connected to mongodb://localhost/movielog_test...","timestamp":"2021-11-13T23:28:58.420Z"}
{"level":"info","message":"Listening on port 3000...","timestamp":"2021-11-13T23:29:51.302Z"}
{"level":"info","message":"Connected to mongodb://localhost/movielog_test...","timestamp":"2021-11-13T23:29:51.322Z"}
{"level":"info","message":"Listening on port 3000...","timestamp":"2021-11-13T23:30:09.965Z"}
{"level":"info","message":"Connected to mongodb://localhost/movielog_test...","timestamp":"2021-11-13T23:30:09.984Z"}
{"level":"info","message":"Listening on port 3000...","timestamp":"2021-11-13T23:31:25.377Z"}
{"level":"info","message":"Connected to mongodb://localhost/movielog_test...","timestamp":"2021-11-13T23:31:25.396Z"}
{"level":"info","message":"Listening on port 3000...","timestamp":"2021-11-13T23:31:45.389Z"}
{"level":"info","message":"Connected to mongodb://localhost/movielog_test...","timestamp":"2021-11-13T23:31:45.410Z"}
{"level":"info","message":"Listening on port 3000...","timestamp":"2021-11-13T23:32:56.387Z"}
{"level":"info","message":"Connected to mongodb://localhost/movielog_test...","timestamp":"2021-11-13T23:32:56.405Z"}
{"level":"info","message":"Listening on port 3000...","timestamp":"2021-11-13T23:34:30.669Z"}
{"level":"info","message":"Connected to mongodb://localhost/movielog_test...","timestamp":"2021-11-13T23:34:30.688Z"}
{"level":"info","message":"Listening on port 3000...","timestamp":"2021-11-13T23:35:19.854Z"}
{"level":"info","message":"Connected to mongodb://localhost/movielog_test...","timestamp":"2021-11-13T23:35:19.873Z"}
{"level":"info","message":"Listening on port 3000...","timestamp":"2021-11-13T23:37:10.332Z"}
{"level":"info","message":"Connected to mongodb://localhost/movielog_test...","timestamp":"2021-11-13T23:37:10.351Z"}
{"level":"info","message":"Listening on port 3000...","timestamp":"2021-11-13T23:38:22.749Z"}
{"level":"info","message":"Connected to mongodb://localhost/movielog_test...","timestamp":"2021-11-13T23:38:22.768Z"}
{"message":"Cast to ObjectId failed for value \"invalid\" (type string) at path \"_id\" for model \"Genre\"","stack":"CastError: Cast to ObjectId failed for value \"invalid\" (type string) at path \"_id\" for model \"Genre\"\n    at model.Query.exec (/Users/koheimiyamoto/dev/myDocker/mosh-nodejs-course/movielog/node_modules/mongoose/lib/query.js:4498:21)\n    at model.Query.Object.<anonymous>.Query.then (/Users/koheimiyamoto/dev/myDocker/mosh-nodejs-course/movielog/node_modules/mongoose/lib/query.js:4592:15)\n    at processTicksAndRejections (internal/process/task_queues.js:95:5)","stringValue":"\"invalid\"","kind":"ObjectId","value":"invalid","path":"_id","reason":{},"valueType":"string","level":"error","timestamp":"2021-11-13T23:38:22.847Z"}
{"level":"info","message":"Listening on port 3000...","timestamp":"2021-11-13T23:41:41.023Z"}
{"level":"info","message":"Connected to mongodb://localhost/movielog_test...","timestamp":"2021-11-13T23:41:41.043Z"}
{"level":"info","message":"Listening on port 3000...","timestamp":"2021-11-13T23:41:49.119Z"}
{"level":"info","message":"Connected to mongodb://localhost/movielog_test...","timestamp":"2021-11-13T23:41:49.138Z"}
{"level":"info","message":"Listening on port 3000...","timestamp":"2021-11-13T23:43:55.236Z"}
{"level":"info","message":"Connected to mongodb://localhost/movielog_test...","timestamp":"2021-11-13T23:43:55.258Z"}
{"level":"info","message":"Listening on port 3000...","timestamp":"2021-11-13T23:43:58.699Z"}
{"level":"info","message":"Connected to mongodb://localhost/movielog_test...","timestamp":"2021-11-13T23:43:58.728Z"}
{"level":"info","message":"Listening on port 3000...","timestamp":"2021-11-13T23:45:13.429Z"}
{"level":"info","message":"Connected to mongodb://localhost/movielog_test...","timestamp":"2021-11-13T23:45:13.447Z"}
{"level":"info","message":"Listening on port 3000...","timestamp":"2021-11-13T23:45:16.982Z"}
{"level":"info","message":"Connected to mongodb://localhost/movielog_test...","timestamp":"2021-11-13T23:45:17.011Z"}
{"message":"Cast to ObjectId failed for value \"invalid\" (type string) at path \"_id\" for model \"Genre\"","stack":"CastError: Cast to ObjectId failed for value \"invalid\" (type string) at path \"_id\" for model \"Genre\"\n    at model.Query.exec (/Users/koheimiyamoto/dev/myDocker/mosh-nodejs-course/movielog/node_modules/mongoose/lib/query.js:4498:21)\n    at model.Query.Object.<anonymous>.Query.then (/Users/koheimiyamoto/dev/myDocker/mosh-nodejs-course/movielog/node_modules/mongoose/lib/query.js:4592:15)\n    at processTicksAndRejections (internal/process/task_queues.js:95:5)","stringValue":"\"invalid\"","kind":"ObjectId","value":"invalid","path":"_id","reason":{},"valueType":"string","level":"error","timestamp":"2021-11-13T23:45:17.086Z"}
{"level":"info","message":"Listening on port 3000...","timestamp":"2021-11-13T23:45:54.811Z"}
{"level":"info","message":"Connected to mongodb://localhost/movielog_test...","timestamp":"2021-11-13T23:45:54.832Z"}
{"level":"info","message":"Listening on port 3000...","timestamp":"2021-11-14T00:32:21.523Z"}
{"level":"info","message":"Connected to mongodb://localhost/movielog_test...","timestamp":"2021-11-14T00:32:21.548Z"}
{"level":"info","message":"Listening on port 3000...","timestamp":"2021-11-14T00:33:14.211Z"}
{"level":"info","message":"Connected to mongodb://localhost/movielog_test...","timestamp":"2021-11-14T00:33:14.232Z"}
{"level":"info","message":"Listening on port 3000...","timestamp":"2021-11-14T00:33:54.687Z"}
{"level":"info","message":"Connected to mongodb://localhost/movielog_test...","timestamp":"2021-11-14T00:33:54.708Z"}
{"level":"info","message":"Listening on port 3000...","timestamp":"2021-11-14T00:35:00.904Z"}
{"level":"info","message":"Connected to mongodb://localhost/movielog_test...","timestamp":"2021-11-14T00:35:00.923Z"}
{"level":"info","message":"Listening on port 3000...","timestamp":"2021-11-14T00:36:56.584Z"}
{"level":"info","message":"Connected to mongodb://localhost/movielog_test...","timestamp":"2021-11-14T00:36:56.602Z"}
{"level":"info","message":"Listening on port 3000...","timestamp":"2021-11-14T00:38:11.506Z"}
{"level":"info","message":"Connected to mongodb://localhost/movielog_test...","timestamp":"2021-11-14T00:38:11.525Z"}
{"level":"info","message":"Listening on port 3000...","timestamp":"2021-11-14T00:38:43.817Z"}
{"level":"info","message":"Connected to mongodb://localhost/movielog_test...","timestamp":"2021-11-14T00:38:43.835Z"}
{"level":"info","message":"Listening on port 3000...","timestamp":"2021-11-14T00:40:38.469Z"}
{"level":"info","message":"Connected to mongodb://localhost/movielog_test...","timestamp":"2021-11-14T00:40:38.487Z"}
{"level":"info","message":"Listening on port 3000...","timestamp":"2021-11-14T00:42:14.630Z"}
{"level":"info","message":"Connected to mongodb://localhost/movielog_test...","timestamp":"2021-11-14T00:42:14.648Z"}
{"level":"info","message":"Listening on port 3000...","timestamp":"2021-11-14T00:42:27.839Z"}
{"level":"info","message":"Connected to mongodb://localhost/movielog_test...","timestamp":"2021-11-14T00:42:27.858Z"}
{"level":"info","message":"Listening on port 3000...","timestamp":"2021-11-14T00:43:06.472Z"}
{"level":"info","message":"Connected to mongodb://localhost/movielog_test...","timestamp":"2021-11-14T00:43:06.491Z"}
{"level":"info","message":"Listening on port 3000...","timestamp":"2021-11-14T00:43:41.214Z"}
{"level":"info","message":"Connected to mongodb://localhost/movielog_test...","timestamp":"2021-11-14T00:43:41.233Z"}
{"level":"info","message":"Listening on port 3000...","timestamp":"2021-11-14T00:44:32.538Z"}
{"level":"info","message":"Connected to mongodb://localhost/movielog_test...","timestamp":"2021-11-14T00:44:32.557Z"}
{"level":"info","message":"Listening on port 3000...","timestamp":"2021-11-14T00:49:28.410Z"}
{"level":"info","message":"Connected to mongodb://localhost/movielog_test...","timestamp":"2021-11-14T00:49:28.434Z"}
{"level":"info","message":"Listening on port 3000...","timestamp":"2021-11-14T00:50:30.954Z"}
{"level":"info","message":"Connected to mongodb://localhost/movielog_test...","timestamp":"2021-11-14T00:50:30.973Z"}
{"level":"info","message":"Listening on port 3000...","timestamp":"2021-11-14T00:50:42.646Z"}
{"level":"info","message":"Connected to mongodb://localhost/movielog_test...","timestamp":"2021-11-14T00:50:42.665Z"}
{"level":"info","message":"Listening on port 3000...","timestamp":"2021-11-14T00:53:05.655Z"}
{"level":"info","message":"Connected to mongodb://localhost/movielog_test...","timestamp":"2021-11-14T00:53:05.674Z"}
{"level":"info","message":"Listening on port 3000...","timestamp":"2021-11-14T00:54:03.080Z"}
{"level":"info","message":"Connected to mongodb://localhost/movielog_test...","timestamp":"2021-11-14T00:54:03.099Z"}
{"level":"info","message":"Listening on port 3000...","timestamp":"2021-11-14T00:55:30.869Z"}
{"level":"info","message":"Connected to mongodb://localhost/movielog_test...","timestamp":"2021-11-14T00:55:30.888Z"}
{"level":"info","message":"Listening on port 3000...","timestamp":"2021-11-14T00:55:59.329Z"}
{"level":"info","message":"Connected to mongodb://localhost/movielog_test...","timestamp":"2021-11-14T00:55:59.348Z"}
{"level":"info","message":"Listening on port 3000...","timestamp":"2021-11-14T00:56:09.692Z"}
{"level":"info","message":"Connected to mongodb://localhost/movielog_test...","timestamp":"2021-11-14T00:56:09.711Z"}
{"level":"info","message":"Listening on port 3000...","timestamp":"2021-11-14T00:56:22.293Z"}
{"level":"info","message":"Connected to mongodb://localhost/movielog_test...","timestamp":"2021-11-14T00:56:22.314Z"}
{"level":"info","message":"Listening on port 3000...","timestamp":"2021-11-14T01:00:47.031Z"}
{"level":"info","message":"Connected to mongodb://localhost/movielog_test...","timestamp":"2021-11-14T01:00:47.050Z"}
{"level":"info","message":"Listening on port 3000...","timestamp":"2021-11-14T01:02:53.155Z"}
{"level":"info","message":"Connected to mongodb://localhost/movielog_test...","timestamp":"2021-11-14T01:02:53.179Z"}
{"level":"info","message":"Listening on port 3000...","timestamp":"2021-11-14T01:06:54.479Z"}
{"level":"info","message":"Connected to mongodb://localhost/movielog_test...","timestamp":"2021-11-14T01:06:54.500Z"}
{"level":"info","message":"Listening on port 3000...","timestamp":"2021-11-14T01:06:54.633Z"}
{"level":"info","message":"Listening on port 3000...","timestamp":"2021-11-14T01:08:06.308Z"}
{"level":"info","message":"Connected to mongodb://localhost/movielog_test...","timestamp":"2021-11-14T01:08:06.333Z"}
{"level":"info","message":"Listening on port 3000...","timestamp":"2021-11-14T01:08:06.417Z"}
{"level":"info","message":"Connected to mongodb://localhost/movielog_test...","timestamp":"2021-11-14T01:08:06.483Z"}
{"level":"info","message":"Listening on port 3000...","timestamp":"2021-11-14T01:13:00.978Z"}
{"level":"info","message":"Listening on port 3000...","timestamp":"2021-11-14T01:13:00.985Z"}
{"level":"info","message":"Connected to mongodb://localhost/movielog_test...","timestamp":"2021-11-14T01:13:00.997Z"}
{"level":"info","message":"Connected to mongodb://localhost/movielog_test...","timestamp":"2021-11-14T01:13:01.028Z"}
{"level":"info","message":"Listening on port 3000...","timestamp":"2021-11-14T01:13:21.698Z"}
{"level":"info","message":"Connected to mongodb://localhost/movielog_test...","timestamp":"2021-11-14T01:13:21.719Z"}
{"level":"info","message":"Listening on port 3000...","timestamp":"2021-11-14T01:13:51.151Z"}
{"level":"info","message":"Connected to mongodb://localhost/movielog_test...","timestamp":"2021-11-14T01:13:51.163Z"}
{"level":"info","message":"Listening on port 3000...","timestamp":"2021-11-14T01:13:51.180Z"}
{"level":"info","message":"Connected to mongodb://localhost/movielog_test...","timestamp":"2021-11-14T01:13:51.209Z"}
{"level":"info","message":"Listening on port 3000...","timestamp":"2021-11-14T01:14:25.638Z"}
{"level":"info","message":"Connected to mongodb://localhost/movielog_test...","timestamp":"2021-11-14T01:14:25.649Z"}
{"level":"info","message":"Listening on port 3000...","timestamp":"2021-11-14T01:14:25.662Z"}
{"level":"info","message":"Connected to mongodb://localhost/movielog_test...","timestamp":"2021-11-14T01:14:25.704Z"}
{"level":"info","message":"Listening on port 3000...","timestamp":"2021-11-14T01:14:38.552Z"}
{"level":"info","message":"Connected to mongodb://localhost/movielog_test...","timestamp":"2021-11-14T01:14:38.573Z"}
{"level":"info","message":"Listening on port 3000...","timestamp":"2021-11-14T01:15:08.752Z"}
{"level":"info","message":"Connected to mongodb://localhost/movielog_test...","timestamp":"2021-11-14T01:15:08.772Z"}
{"level":"info","message":"Listening on port 3000...","timestamp":"2021-11-14T01:15:50.302Z"}
{"level":"info","message":"Connected to mongodb://localhost/movielog_test...","timestamp":"2021-11-14T01:15:50.321Z"}
{"level":"info","message":"Listening on port 3000...","timestamp":"2021-11-14T01:16:11.134Z"}
{"level":"info","message":"Connected to mongodb://localhost/movielog_test...","timestamp":"2021-11-14T01:16:11.174Z"}
{"level":"info","message":"Connected to mongodb://localhost/movielog_test...","timestamp":"2021-11-14T01:16:11.181Z"}
{"level":"info","message":"Listening on port 3000...","timestamp":"2021-11-14T01:16:11.194Z"}
{"level":"info","message":"Listening on port 3000...","timestamp":"2021-11-14T01:17:14.382Z"}
{"level":"info","message":"Connected to mongodb://localhost/movielog_test...","timestamp":"2021-11-14T01:17:14.404Z"}
{"level":"info","message":"Listening on port 3000...","timestamp":"2021-11-14T01:17:46.029Z"}
{"level":"info","message":"Connected to mongodb://localhost/movielog_test...","timestamp":"2021-11-14T01:17:46.059Z"}
{"level":"info","message":"Listening on port 3000...","timestamp":"2021-11-14T01:17:46.047Z"}
{"level":"info","message":"Connected to mongodb://localhost/movielog_test...","timestamp":"2021-11-14T01:17:46.094Z"}
{"level":"info","message":"Listening on port 3000...","timestamp":"2021-11-14T01:18:31.695Z"}
{"level":"info","message":"Connected to mongodb://localhost/movielog_test...","timestamp":"2021-11-14T01:18:31.714Z"}
{"level":"info","message":"Listening on port 3000...","timestamp":"2021-11-14T01:18:31.898Z"}
{"level":"info","message":"Connected to mongodb://localhost/movielog_test...","timestamp":"2021-11-14T01:18:31.958Z"}
{"level":"info","message":"Listening on port 3000...","timestamp":"2021-11-14T01:18:45.292Z"}
{"level":"info","message":"Connected to mongodb://localhost/movielog_test...","timestamp":"2021-11-14T01:18:45.312Z"}
{"level":"info","message":"Listening on port 3000...","timestamp":"2021-11-14T01:18:53.245Z"}
{"level":"info","message":"Connected to mongodb://localhost/movielog_test...","timestamp":"2021-11-14T01:18:53.267Z"}
{"level":"info","message":"Listening on port 3000...","timestamp":"2021-11-14T01:18:53.386Z"}
{"level":"info","message":"Connected to mongodb://localhost/movielog_test...","timestamp":"2021-11-14T01:18:53.441Z"}
{"level":"info","message":"Connected to mongodb://localhost/movielog_test...","timestamp":"2021-11-14T01:21:13.491Z"}
{"level":"info","message":"Listening on port 3000...","timestamp":"2021-11-14T01:21:13.508Z"}
{"level":"info","message":"Listening on port 3000...","timestamp":"2021-11-14T01:21:13.479Z"}
{"level":"info","message":"Connected to mongodb://localhost/movielog_test...","timestamp":"2021-11-14T01:21:13.551Z"}
{"level":"info","message":"Listening on port 3000...","timestamp":"2021-11-14T01:21:46.153Z"}
{"level":"info","message":"Connected to mongodb://localhost/movielog_test...","timestamp":"2021-11-14T01:21:46.181Z"}
{"level":"info","message":"Listening on port 3000...","timestamp":"2021-11-14T01:21:46.285Z"}
{"level":"info","message":"Connected to mongodb://localhost/movielog_test...","timestamp":"2021-11-14T01:21:46.355Z"}
{"level":"info","message":"Listening on port 3000...","timestamp":"2021-11-14T01:22:09.688Z"}
{"level":"info","message":"Connected to mongodb://localhost/movielog_test...","timestamp":"2021-11-14T01:22:09.710Z"}
{"level":"info","message":"Listening on port 3000...","timestamp":"2021-11-14T01:22:09.721Z"}
{"level":"info","message":"Connected to mongodb://localhost/movielog_test...","timestamp":"2021-11-14T01:22:09.734Z"}
{"level":"info","message":"Listening on port 3000...","timestamp":"2021-11-14T01:29:07.734Z"}
{"level":"info","message":"Connected to mongodb://localhost/movielog_test...","timestamp":"2021-11-14T01:29:07.754Z"}
{"level":"info","message":"Listening on port 3000...","timestamp":"2021-11-14T01:29:07.752Z"}
{"level":"info","message":"Connected to mongodb://localhost/movielog_test...","timestamp":"2021-11-14T01:29:07.795Z"}
{"level":"info","message":"Listening on port 3000...","timestamp":"2021-11-14T01:30:21.563Z"}
{"level":"info","message":"Listening on port 3000...","timestamp":"2021-11-14T01:30:21.571Z"}
{"level":"info","message":"Connected to mongodb://localhost/movielog_test...","timestamp":"2021-11-14T01:30:21.596Z"}
{"level":"info","message":"Connected to mongodb://localhost/movielog_test...","timestamp":"2021-11-14T01:30:21.634Z"}
{"level":"info","message":"Listening on port 3000...","timestamp":"2021-11-14T01:31:00.654Z"}
{"level":"info","message":"Connected to mongodb://localhost/movielog_test...","timestamp":"2021-11-14T01:31:00.675Z"}
{"level":"info","message":"Listening on port 3000...","timestamp":"2021-11-14T01:31:00.809Z"}
{"level":"info","message":"Connected to mongodb://localhost/movielog_test...","timestamp":"2021-11-14T01:31:00.869Z"}
{"level":"info","message":"Listening on port 3000...","timestamp":"2021-11-14T01:31:10.972Z"}
{"level":"info","message":"Listening on port 3000...","timestamp":"2021-11-14T01:31:10.979Z"}
{"level":"info","message":"Connected to mongodb://localhost/movielog_test...","timestamp":"2021-11-14T01:31:10.992Z"}
{"level":"info","message":"Connected to mongodb://localhost/movielog_test...","timestamp":"2021-11-14T01:31:11.016Z"}
{"level":"info","message":"Listening on port 3000...","timestamp":"2021-11-14T01:31:24.561Z"}
{"level":"info","message":"Listening on port 3000...","timestamp":"2021-11-14T01:31:24.572Z"}
{"level":"info","message":"Connected to mongodb://localhost/movielog_test...","timestamp":"2021-11-14T01:31:24.579Z"}
{"level":"info","message":"Connected to mongodb://localhost/movielog_test...","timestamp":"2021-11-14T01:31:24.610Z"}
{"level":"info","message":"Listening on port 3000...","timestamp":"2021-11-14T01:32:39.798Z"}
{"level":"info","message":"Connected to mongodb://localhost/movielog_test...","timestamp":"2021-11-14T01:32:39.817Z"}
{"level":"info","message":"Listening on port 3000...","timestamp":"2021-11-14T01:32:39.949Z"}
{"level":"info","message":"Connected to mongodb://localhost/movielog_test...","timestamp":"2021-11-14T01:32:40.000Z"}
{"level":"info","message":"Listening on port 3000...","timestamp":"2021-11-14T01:33:13.420Z"}
{"level":"info","message":"Connected to mongodb://localhost/movielog_test...","timestamp":"2021-11-14T01:33:13.443Z"}
{"level":"info","message":"Listening on port 3000...","timestamp":"2021-11-14T01:33:13.543Z"}
{"level":"info","message":"Connected to mongodb://localhost/movielog_test...","timestamp":"2021-11-14T01:33:13.604Z"}
{"level":"info","message":"Listening on port 3000...","timestamp":"2021-11-14T01:34:34.844Z"}
{"level":"info","message":"Connected to mongodb://localhost/movielog_test...","timestamp":"2021-11-14T01:34:34.864Z"}
{"level":"info","message":"Listening on port 3000...","timestamp":"2021-11-14T01:34:34.897Z"}
{"level":"info","message":"Connected to mongodb://localhost/movielog_test...","timestamp":"2021-11-14T01:34:34.942Z"}
{"level":"info","message":"Listening on port 3000...","timestamp":"2021-11-14T01:35:01.276Z"}
{"level":"info","message":"Connected to mongodb://localhost/movielog_test...","timestamp":"2021-11-14T01:35:01.299Z"}
{"level":"info","message":"Listening on port 3000...","timestamp":"2021-11-14T01:35:01.437Z"}
{"level":"info","message":"Connected to mongodb://localhost/movielog_test...","timestamp":"2021-11-14T01:35:01.500Z"}
{"level":"info","message":"Listening on port 3000...","timestamp":"2021-11-14T01:35:28.279Z"}
{"level":"info","message":"Connected to mongodb://localhost/movielog_test...","timestamp":"2021-11-14T01:35:28.320Z"}
{"level":"info","message":"Listening on port 3000...","timestamp":"2021-11-14T01:35:28.357Z"}
{"level":"info","message":"Connected to mongodb://localhost/movielog_test...","timestamp":"2021-11-14T01:35:28.397Z"}
{"level":"info","message":"Listening on port 3000...","timestamp":"2021-11-14T01:35:33.716Z"}
{"level":"info","message":"Connected to mongodb://localhost/movielog_test...","timestamp":"2021-11-14T01:35:33.742Z"}
{"level":"info","message":"Listening on port 3000...","timestamp":"2021-11-14T01:35:33.864Z"}
{"level":"info","message":"Connected to mongodb://localhost/movielog_test...","timestamp":"2021-11-14T01:35:33.930Z"}
